<?xml version="1.0" encoding="UTF-8"?>
<!-- Generated by org.testng.reporters.JUnitReportReporter -->
<testsuite hostname="pushpakala" failures="0" tests="1" name="crudoperationdBDD.Createproj" time="3.166" errors="0" timestamp="2023-05-08T15:52:31 IST" skipped="0">
  <testcase classname="crudoperationdBDD.Createproj" name="create1" time="3.166"/>
  <system-out/>
</testsuite> <!-- crudoperationdBDD.Createproj -->
