<?xml version="1.0" encoding="UTF-8"?>
<!-- Generated by org.testng.reporters.JUnitReportReporter -->
<testsuite hostname="pushpakala" failures="0" tests="1" name="serialization.EmpSpouseserialization" time="0.260" errors="0" timestamp="2023-05-09T12:39:29 IST" skipped="0">
  <testcase classname="serialization.EmpSpouseserialization" name="empserial" time="0.260"/>
  <system-out/>
</testsuite> <!-- serialization.EmpSpouseserialization -->
