<?xml version="1.0" encoding="UTF-8"?>
<!-- Generated by org.testng.reporters.JUnitReportReporter -->
<testsuite hostname="pushpakala" failures="0" tests="1" name="serialization.Employeedeserialization" time="0.270" errors="0" timestamp="2023-05-09T12:27:54 IST" skipped="0">
  <testcase classname="serialization.Employeedeserialization" name="empdeserial" time="0.270"/>
  <system-out/>
</testsuite> <!-- serialization.Employeedeserialization -->
