<?xml version="1.0" encoding="UTF-8"?>
<!-- Generated by org.testng.reporters.JUnitReportReporter -->
<testsuite hostname="pushpakala" failures="0" tests="1" name="crudoperationdBDD.Getproj" time="1.649" errors="0" timestamp="2023-05-08T14:41:22 IST" skipped="0">
  <testcase classname="crudoperationdBDD.Getproj" name="getaproj" time="1.649"/>
  <system-out/>
</testsuite> <!-- crudoperationdBDD.Getproj -->
