<?xml version="1.0" encoding="UTF-8"?>
<!-- Generated by org.testng.reporters.JUnitReportReporter -->
<testsuite hostname="pushpakala" failures="0" tests="1" name="crudoperationswithoutBDD.createproj" time="2.849" errors="0" timestamp="2023-05-08T15:58:22 IST" skipped="0">
  <testcase classname="crudoperationswithoutBDD.createproj" name="create" time="2.849"/>
  <system-out/>
</testsuite> <!-- crudoperationswithoutBDD.createproj -->
