<?xml version="1.0" encoding="UTF-8"?>
<!-- Generated by org.testng.reporters.JUnitReportReporter -->
<testsuite hostname="pushpakala" failures="0" tests="1" name="RestassuredBDDapproach.createproj" time="3.079" errors="0" timestamp="2023-05-08T12:30:07 IST" skipped="0">
  <testcase classname="RestassuredBDDapproach.createproj" name="create" time="3.079"/>
  <system-out/>
</testsuite> <!-- RestassuredBDDapproach.createproj -->
