<?xml version="1.0" encoding="UTF-8"?>
<!-- Generated by org.testng.reporters.JUnitReportReporter -->
<testsuite hostname="pushpakala" failures="0" tests="1" name="crudoperationdBDD.Reqres" time="67.169" errors="0" timestamp="2023-05-09T14:26:10 IST" skipped="0">
  <testcase classname="crudoperationdBDD.Reqres" name="req" time="67.169"/>
  <system-out/>
</testsuite> <!-- crudoperationdBDD.Reqres -->
