<?xml version="1.0" encoding="UTF-8"?>
<!-- Generated by org.testng.reporters.JUnitReportReporter -->
<testsuite hostname="pushpakala" failures="0" tests="1" name="serialization.EmpSpousedeserialization" time="0.263" errors="0" timestamp="2023-05-09T12:40:31 IST" skipped="0">
  <testcase classname="serialization.EmpSpousedeserialization" name="empdeserial" time="0.263"/>
  <system-out/>
</testsuite> <!-- serialization.EmpSpousedeserialization -->
