<?xml version="1.0" encoding="UTF-8"?>
<!-- Generated by org.testng.reporters.JUnitReportReporter -->
<testsuite hostname="pushpakala" failures="0" tests="1" name="RestassuredBDDapproach.updateproj" time="3.094" errors="0" timestamp="2023-05-08T12:08:57 IST" skipped="0">
  <testcase classname="RestassuredBDDapproach.updateproj" name="update" time="3.094"/>
  <system-out/>
</testsuite> <!-- RestassuredBDDapproach.updateproj -->
