<?xml version="1.0" encoding="UTF-8"?>
<!-- Generated by org.testng.reporters.JUnitReportReporter -->
<testsuite hostname="pushpakala" failures="0" tests="1" name="serialization.EmpSpouseserialization" time="0.286" errors="0" timestamp="2023-05-05T12:53:42 IST" skipped="0">
  <testcase classname="serialization.EmpSpouseserialization" name="empserial" time="0.286"/>
  <system-out/>
</testsuite> <!-- serialization.EmpSpouseserialization -->
