<?xml version="1.0" encoding="UTF-8"?>
<!-- Generated by org.testng.reporters.JUnitReportReporter -->
<testsuite hostname="pushpakala" failures="0" tests="1" name="differentwaypostRequest.JsonObjectType" time="3.186" errors="0" timestamp="2023-05-09T10:43:10 IST" skipped="0">
  <testcase classname="differentwaypostRequest.JsonObjectType" name="jsonobject" time="3.186"/>
  <system-out/>
</testsuite> <!-- differentwaypostRequest.JsonObjectType -->
