<?xml version="1.0" encoding="UTF-8"?>
<!-- Generated by org.testng.reporters.JUnitReportReporter -->
<testsuite hostname="pushpakala" failures="0" tests="1" name="differentwaypostRequest.JsonfileType" time="2.605" errors="0" timestamp="2023-05-09T11:00:38 IST" skipped="0">
  <testcase classname="differentwaypostRequest.JsonfileType" name="jsonfilepost" time="2.605"/>
  <system-out/>
</testsuite> <!-- differentwaypostRequest.JsonfileType -->
