<?xml version="1.0" encoding="UTF-8"?>
<!-- Generated by org.testng.reporters.JUnitReportReporter -->
<testsuite hostname="pushpakala" failures="0" tests="1" name="RestassuredBDDapproach.Getproj" time="2.327" errors="0" timestamp="2023-05-08T12:02:38 IST" skipped="0">
  <testcase classname="RestassuredBDDapproach.Getproj" name="get" time="2.327"/>
  <system-out/>
</testsuite> <!-- RestassuredBDDapproach.Getproj -->
