<?xml version="1.0" encoding="UTF-8"?>
<!-- Generated by org.testng.reporters.JUnitReportReporter -->
<testsuite hostname="pushpakala" failures="0" tests="1" name="serialization.Employeeserialization" time="0.291" errors="0" timestamp="2023-05-05T16:00:59 IST" skipped="0">
  <testcase classname="serialization.Employeeserialization" name="emploserial" time="0.291"/>
  <system-out/>
</testsuite> <!-- serialization.Employeeserialization -->
