<?xml version="1.0" encoding="UTF-8"?>
<!-- Generated by org.testng.reporters.JUnitReportReporter -->
<testsuite hostname="pushpakala" failures="0" tests="1" name="crudoperationswithoutBDD.getallproj" time="2.643" errors="0" timestamp="2023-05-09T10:47:42 IST" skipped="0">
  <testcase classname="crudoperationswithoutBDD.getallproj" name="getall" time="2.643"/>
  <system-out/>
</testsuite> <!-- crudoperationswithoutBDD.getallproj -->
