<?xml version="1.0" encoding="UTF-8"?>
<!-- Generated by org.testng.reporters.JUnitReportReporter -->
<testsuite hostname="pushpakala" failures="0" tests="1" name="serialization.deserialization" time="0.322" errors="0" timestamp="2023-05-05T11:54:29 IST" skipped="0">
  <testcase classname="serialization.deserialization" name="empdeserial" time="0.322"/>
  <system-out/>
</testsuite> <!-- serialization.deserialization -->
