<?xml version="1.0" encoding="UTF-8"?>
<!-- Generated by org.testng.reporters.JUnitReportReporter -->
<testsuite hostname="pushpakala" failures="0" tests="1" name="differentwaypostRequest.HashmapType" time="3.265" errors="0" timestamp="2023-05-09T11:05:22 IST" skipped="0">
  <testcase classname="differentwaypostRequest.HashmapType" name="hsh" time="3.265"/>
  <system-out/>
</testsuite> <!-- differentwaypostRequest.HashmapType -->
