<?xml version="1.0" encoding="UTF-8"?>
<!-- Generated by org.testng.reporters.JUnitReportReporter -->
<testsuite hostname="pushpakala" failures="0" tests="1" name="crudoperationswithoutBDD.createproj" time="3.075" errors="0" timestamp="2023-05-09T10:48:16 IST" skipped="0">
  <testcase classname="crudoperationswithoutBDD.createproj" name="create" time="3.075"/>
  <system-out/>
</testsuite> <!-- crudoperationswithoutBDD.createproj -->
