<?xml version="1.0" encoding="UTF-8"?>
<!-- Generated by org.testng.reporters.JUnitReportReporter -->
<testsuite hostname="pushpakala" failures="0" tests="1" name="serialization.ArraySerialization" time="0.255" errors="0" timestamp="2023-05-05T12:23:44 IST" skipped="0">
  <testcase classname="serialization.ArraySerialization" name="arrserial" time="0.255"/>
  <system-out/>
</testsuite> <!-- serialization.ArraySerialization -->
