<?xml version="1.0" encoding="UTF-8"?>
<!-- Generated by org.testng.reporters.JUnitReportReporter -->
<testsuite hostname="pushpakala" failures="0" tests="1" name="serialization.Arraydeserialization" time="0.290" errors="0" timestamp="2023-05-05T12:37:01 IST" skipped="0">
  <testcase classname="serialization.Arraydeserialization" name="deserial" time="0.290"/>
  <system-out/>
</testsuite> <!-- serialization.Arraydeserialization -->
