<?xml version="1.0" encoding="UTF-8"?>
<!-- Generated by org.testng.reporters.JUnitReportReporter -->
<testsuite hostname="pushpakala" failures="0" tests="1" name="RestassuredBDDapproach.getallproj" time="2.607" errors="0" timestamp="2023-05-08T12:25:36 IST" skipped="0">
  <testcase classname="RestassuredBDDapproach.getallproj" name="getall" time="2.607"/>
  <system-out/>
</testsuite> <!-- RestassuredBDDapproach.getallproj -->
