<?xml version="1.0" encoding="UTF-8"?>
<!-- Generated by org.testng.reporters.JUnitReportReporter -->
<testsuite hostname="pushpakala" failures="0" tests="1" name="crudoperationdBDD.Updateproj" time="2.980" errors="0" timestamp="2023-05-08T14:52:58 IST" skipped="0">
  <testcase classname="crudoperationdBDD.Updateproj" name="update" time="2.980"/>
  <system-out/>
</testsuite> <!-- crudoperationdBDD.Updateproj -->
